[debug] [2022-11-10T15:49:55.440Z] ----------------------------------------------------------------------
[debug] [2022-11-10T15:49:55.443Z] Command:       C:\Program Files\nodejs\node.exe C:\Users\USER\AppData\Roaming\npm\node_modules\firebase-tools\lib\bin\firebase.js init
[debug] [2022-11-10T15:49:55.443Z] CLI Version:   11.15.0
[debug] [2022-11-10T15:49:55.443Z] Platform:      win32
[debug] [2022-11-10T15:49:55.443Z] Node Version:  v16.18.0
[debug] [2022-11-10T15:49:55.451Z] Time:          Thu Nov 10 2022 21:49:55 GMT+0600 (Bangladesh Standard Time)
[debug] [2022-11-10T15:49:55.452Z] ----------------------------------------------------------------------
[debug] 
[debug] [2022-11-10T15:49:55.458Z] >>> [apiv2][query] GET https://firebase-public.firebaseio.com/cli.json [none]
[debug] [2022-11-10T15:49:55.561Z] > command requires scopes: ["email","openid","https://www.googleapis.com/auth/cloudplatformprojects.readonly","https://www.googleapis.com/auth/firebase","https://www.googleapis.com/auth/cloud-platform"]
[debug] [2022-11-10T15:49:55.562Z] > authorizing via signed-in user (jakariamahmud016@gmail.com)
[info] 
     ######## #### ########  ######## ########     ###     ######  ########
     ##        ##  ##     ## ##       ##     ##  ##   ##  ##       ##
     ######    ##  ########  ######   ########  #########  ######  ######
     ##        ##  ##    ##  ##       ##     ## ##     ##       ## ##
     ##       #### ##     ## ######## ########  ##     ##  ######  ########

You're about to initialize a Firebase project in this directory:

  C:\projects\assignment11_client_side\review-service

Before we get started, keep in mind:

  * You are currently outside your home directory
  * You are initializing within an existing Firebase project directory

[debug] [2022-11-10T15:49:56.310Z] <<< [apiv2][status] GET https://firebase-public.firebaseio.com/cli.json 200
[debug] [2022-11-10T15:49:56.310Z] <<< [apiv2][body] GET https://firebase-public.firebaseio.com/cli.json {"cloudBuildErrorAfter":1594252800000,"cloudBuildWarnAfter":1590019200000,"defaultNode10After":1594252800000,"minVersion":"3.0.5","node8DeploysDisabledAfter":1613390400000,"node8RuntimeDisabledAfter":1615809600000,"node8WarnAfter":1600128000000}
[info] 
=== Project Setup
[info] 
[info] First, let's associate this project directory with a Firebase project.
[info] You can create multiple project aliases by running firebase use --add, 
[info] but for now we'll just set up a default project.
[info] 
[debug] [2022-11-10T15:50:26.617Z] Using project from CLI flag: travel-tips-a4437
[debug] [2022-11-10T15:50:26.618Z] > refreshing access token with scopes: []
[debug] [2022-11-10T15:50:26.619Z] >>> [apiv2][query] POST https://www.googleapis.com/oauth2/v3/token [none]
[debug] [2022-11-10T15:50:26.619Z] >>> [apiv2][body] POST https://www.googleapis.com/oauth2/v3/token [omitted]
[debug] [2022-11-10T15:50:27.078Z] <<< [apiv2][status] POST https://www.googleapis.com/oauth2/v3/token 200
[debug] [2022-11-10T15:50:27.078Z] <<< [apiv2][body] POST https://www.googleapis.com/oauth2/v3/token [omitted]
[debug] [2022-11-10T15:50:27.086Z] >>> [apiv2][query] GET https://firebase.googleapis.com/v1beta1/projects/travel-tips-a4437 [none]
[debug] [2022-11-10T15:50:28.240Z] <<< [apiv2][status] GET https://firebase.googleapis.com/v1beta1/projects/travel-tips-a4437 403
[debug] [2022-11-10T15:50:28.240Z] <<< [apiv2][body] GET https://firebase.googleapis.com/v1beta1/projects/travel-tips-a4437 {"error":{"code":403,"message":"The caller does not have permission","status":"PERMISSION_DENIED"}}
[debug] [2022-11-10T15:50:28.241Z] HTTP Error: 403, The caller does not have permission
[debug] [2022-11-10T15:50:29.201Z] FirebaseError: HTTP Error: 403, The caller does not have permission
    at responseToError (C:\Users\USER\AppData\Roaming\npm\node_modules\firebase-tools\lib\responseToError.js:49:12)
    at RetryOperation._fn (C:\Users\USER\AppData\Roaming\npm\node_modules\firebase-tools\lib\apiv2.js:288:77)
    at processTicksAndRejections (node:internal/process/task_queues:96:5)
[error] 
[error] Error: Failed to get Firebase project travel-tips-a4437. Please make sure the project exists and your account has permission to access it.
